<?xml version="1.0" encoding="UTF-8"?>
<testsuite name="DemoQaTest" tests="1" skipped="0" failures="0" errors="0" timestamp="2026-02-27T12:35:45.834Z" hostname="BACILIF" time="6.944">
  <properties/>
  <testcase name="llenarFormulario()" classname="DemoQaTest" time="6.944"/>
  <system-out><![CDATA[]]></system-out>
  <system-err><![CDATA[SLF4J(W): No SLF4J providers were found.
SLF4J(W): Defaulting to no-operation (NOP) logger implementation
SLF4J(W): See https://www.slf4j.org/codes.html#noProviders for further details.
feb 27, 2026 7:35:47 A. M. org.openqa.selenium.devtools.CdpVersionFinder findNearestMatch
WARNING: Unable to find CDP implementation matching 145
feb 27, 2026 7:35:47 A. M. org.openqa.selenium.chromium.ChromiumDriver lambda$new$5
WARNING: Unable to find version of CDP to use for 145.0.7632.117. You may need to include a dependency on a specific version of the CDP using something similar to `org.seleniumhq.selenium:selenium-devtools-v86:4.19.1` where the version ("v86") matches the version of the chromium-based browser you're using and the version number of the artifact is the same as Selenium's.
]]></system-err>
</testsuite>
